Build started 7/7/2019 11:07:25 AM.
     1>Project "c:\Users\acer144hz\documents\visual studio 2010\Projects\homework7-1\homework7-1\homework7-1.vcxproj" on node 2 (build target(s)).
     1>InitializeBuildStatus:
         Touching "Debug\homework7-1.unsuccessfulbuild".
       ClCompile:
         C:\Program Files (x86)\Microsoft Visual Studio 10.0\VC\bin\CL.exe /c /ZI /nologo /W3 /WX- /Od /Oy- /D WIN32 /D _DEBUG /D _CONSOLE /D _UNICODE /D UNICODE /Gm /EHsc /RTC1 /MDd /GS /fp:precise /Zc:wchar_t /Zc:forScope /Fo"Debug\\" /Fd"Debug\vc100.pdb" /Gd /TP /analyze- /errorReport:prompt "7-1.cpp"
         7-1.cpp
       ManifestResourceCompile:
         C:\Program Files (x86)\Microsoft SDKs\Windows\v7.0A\bin\rc.exe /nologo /fo"Debug\homework7-1.exe.embed.manifest.res" Debug\homework7-1_manifest.rc 
       Link:
         C:\Program Files (x86)\Microsoft Visual Studio 10.0\VC\bin\link.exe /ERRORREPORT:PROMPT /OUT:"c:\users\acer144hz\documents\visual studio 2010\Projects\homework7-1\Debug\homework7-1.exe" /INCREMENTAL /NOLOGO kernel32.lib user32.lib gdi32.lib winspool.lib comdlg32.lib advapi32.lib shell32.lib ole32.lib oleaut32.lib uuid.lib odbc32.lib odbccp32.lib /MANIFEST /ManifestFile:"Debug\homework7-1.exe.intermediate.manifest" /MANIFESTUAC:"level='asInvoker' uiAccess='false'" /DEBUG /PDB:"c:\users\acer144hz\documents\visual studio 2010\Projects\homework7-1\Debug\homework7-1.pdb" /SUBSYSTEM:CONSOLE /TLBID:1 /DYNAMICBASE /NXCOMPAT /IMPLIB:"c:\users\acer144hz\documents\visual studio 2010\Projects\homework7-1\Debug\homework7-1.lib" /MACHINE:X86 "Debug\homework7-1.exe.embed.manifest.res"
         "Debug\7-1.obj"
       Manifest:
         C:\Program Files (x86)\Microsoft SDKs\Windows\v7.0A\bin\mt.exe /nologo /verbose /out:"Debug\homework7-1.exe.embed.manifest" /manifest "Debug\homework7-1.exe.intermediate.manifest"
         C:\Program Files (x86)\Microsoft SDKs\Windows\v7.0A\bin\rc.exe /nologo /fo"Debug\homework7-1.exe.embed.manifest.res" Debug\homework7-1_manifest.rc 
       LinkEmbedManifest:
         C:\Program Files (x86)\Microsoft Visual Studio 10.0\VC\bin\link.exe /ERRORREPORT:PROMPT /OUT:"c:\users\acer144hz\documents\visual studio 2010\Projects\homework7-1\Debug\homework7-1.exe" /INCREMENTAL /NOLOGO kernel32.lib user32.lib gdi32.lib winspool.lib comdlg32.lib advapi32.lib shell32.lib ole32.lib oleaut32.lib uuid.lib odbc32.lib odbccp32.lib /MANIFEST /ManifestFile:"Debug\homework7-1.exe.intermediate.manifest" /MANIFESTUAC:"level='asInvoker' uiAccess='false'" /DEBUG /PDB:"c:\users\acer144hz\documents\visual studio 2010\Projects\homework7-1\Debug\homework7-1.pdb" /SUBSYSTEM:CONSOLE /TLBID:1 /DYNAMICBASE /NXCOMPAT /IMPLIB:"c:\users\acer144hz\documents\visual studio 2010\Projects\homework7-1\Debug\homework7-1.lib" /MACHINE:X86 "Debug\homework7-1.exe.embed.manifest.res"
         "Debug\7-1.obj"
         homework7-1.vcxproj -> c:\users\acer144hz\documents\visual studio 2010\Projects\homework7-1\Debug\homework7-1.exe
       FinalizeBuildStatus:
         Deleting file "Debug\homework7-1.unsuccessfulbuild".
         Touching "Debug\homework7-1.lastbuildstate".
     1>Done Building Project "c:\Users\acer144hz\documents\visual studio 2010\Projects\homework7-1\homework7-1\homework7-1.vcxproj" (build target(s)).

Build succeeded.

Time Elapsed 00:00:01.17
